<?xml version="1.0" encoding="UTF-8"?>
<testng-results ignored="0" total="1" passed="1" failed="0" skipped="0">
  <reporter-output>
  </reporter-output>
  <suite started-at="2020-06-12T14:31:21Z" name="mobileassist" finished-at="2020-06-12T14:31:30Z" duration-ms="8637">
    <groups>
    </groups>
    <test started-at="2020-06-12T14:31:21Z" name="test2" finished-at="2020-06-12T14:31:30Z" duration-ms="8637">
      <class name="com.MobileAssist.TestCases.TC_LoginTest_01">
        <test-method is-config="true" signature="setup(java.lang.String)[pri:0, instance:com.MobileAssist.TestCases.TC_LoginTest_01@10d59286]" started-at="2020-06-12T14:31:21Z" name="setup" finished-at="2020-06-12T14:31:28Z" duration-ms="7116" status="PASS">
          <params>
            <param index="0">
              <value>
                <![CDATA[chrome]]>
              </value>
            </param>
          </params>
          <reporter-output>
          </reporter-output>
        </test-method> <!-- setup -->
        <test-method signature="logintest()[pri:0, instance:com.MobileAssist.TestCases.TC_LoginTest_01@10d59286]" started-at="2020-06-12T14:31:28Z" name="logintest" finished-at="2020-06-12T14:31:29Z" duration-ms="803" status="PASS">
          <reporter-output>
          </reporter-output>
        </test-method> <!-- logintest -->
        <test-method is-config="true" signature="tearDown()[pri:0, instance:com.MobileAssist.TestCases.TC_LoginTest_01@10d59286]" started-at="2020-06-12T14:31:29Z" name="tearDown" finished-at="2020-06-12T14:31:30Z" duration-ms="693" status="PASS">
          <reporter-output>
          </reporter-output>
        </test-method> <!-- tearDown -->
      </class> <!-- com.MobileAssist.TestCases.TC_LoginTest_01 -->
    </test> <!-- test2 -->
  </suite> <!-- mobileassist -->
</testng-results>
